<?xml version="1.0" encoding="UTF-8"?>
<testsuite xmlns:xsi="http://www.w3.org/2001/XMLSchema-instance" xsi:noNamespaceSchemaLocation="https://maven.apache.org/surefire/maven-surefire-plugin/xsd/surefire-test-report-3.0.xsd" version="3.0" name="TestSuite" time="22.767" tests="2" errors="0" skipped="0" failures="0">
  <properties>
[...]
</properties>
  <testcase name="testLoggingIntoApp" classname="part1.FirstSeleniumTest" time="2.22">
    <system-out><![CDATA[Step 1: Launching Chrome browser
Step 2: Navigating to OrangeHRM login page
Current URL: https://opensource-demo.orangehrmlive.com/web/index.php/auth/login
Step 3: Entering username 'Admin'
Step 4: Entering password
Step 5: Clicking login button
Step 6: Waiting for dashboard to load
]]></system-out>
    <system-err><![CDATA[SLF4J: Failed to load class "org.slf4j.impl.StaticLoggerBinder".
SLF4J: Defaulting to no-operation (NOP) logger implementation
SLF4J: See http://www.slf4j.org/codes.html#StaticLoggerBinder for further details.
févr. 20, 2025 2:27:00 PM org.openqa.selenium.devtools.CdpVersionFinder findNearestMatch
WARNING: Unable to find CDP implementation matching 133
févr. 20, 2025 2:27:00 PM org.openqa.selenium.chromium.ChromiumDriver lambda$new$5
WARNING: Unable to find version of CDP to use for 133.0.6943.99. You may need to include a dependency on a specific version of the CDP using something similar to `org.seleniumhq.selenium:selenium-devtools-v86:4.16.1` where the version ("v86") matches the version of the chromium-based browser you're using and the version number of the artifact is the same as Selenium's.
]]></system-err>
  </testcase>
  <testcase name="testLoggingIntoAppWithInvalidPassword" classname="part1.LoginHandlingFailure" time="2.509">
    <system-out><![CDATA[Waiting for 3 seconds before closing the browser...
Closing browser
Step 1: Launching Chrome browser
Step 2: Navigating to OrangeHRM login page
Current URL: https://opensource-demo.orangehrmlive.com/web/index.php/auth/login
Step 3: Entering username 'Admin'
Step 4: Entering invalid password
Step 5: Clicking login button
Step 6: Waiting for error message
Error message: Invalid credentials
]]></system-out>
    <system-err><![CDATA[févr. 20, 2025 2:27:11 PM org.openqa.selenium.devtools.CdpVersionFinder findNearestMatch
WARNING: Unable to find CDP implementation matching 133
févr. 20, 2025 2:27:11 PM org.openqa.selenium.chromium.ChromiumDriver lambda$new$5
WARNING: Unable to find version of CDP to use for 133.0.6943.99. You may need to include a dependency on a specific version of the CDP using something similar to `org.seleniumhq.selenium:selenium-devtools-v86:4.16.1` where the version ("v86") matches the version of the chromium-based browser you're using and the version number of the artifact is the same as Selenium's.
]]></system-err>
  </testcase>
</testsuite>